+ for n in 8 12 16 20 24 28 32 36 40
+ k=2
+ echo '##### n=8 k=2 rho=1/4 #####'
##### n=8 k=2 rho=1/4 #####
+ timeout 5400 ./pg 8 2 500000000000
n=8 k=2 rho=0.2500 p=4129(~n^4) Johnson=0.5000 cap=0.7500 budget=8
  s=4 (s-k=2): maxI=9 at (5, 2)  bad
  s=5 (s-k=3): maxI=5 at (5, 4)  GOOD
  => s*=5, s*-k=3, delta*=0.3750, defect(s*-k)/n=0.3750  [Johnson 0.5000, cap 0.7500]
+ for n in 8 12 16 20 24 28 32 36 40
+ k=3
+ echo '##### n=12 k=3 rho=1/4 #####'
##### n=12 k=3 rho=1/4 #####
+ timeout 5400 ./pg 12 3 500000000000
n=12 k=3 rho=0.2500 p=20749(~n^4) Johnson=0.5000 cap=0.7500 budget=12
  s=5 (s-k=2): maxI=17 at (7, 4)  bad
  s=6 (s-k=3): maxI=13 at (6, 4)  bad
  s=7 (s-k=4): maxI=7 at (7, 6)  GOOD
  => s*=7, s*-k=4, delta*=0.4167, defect(s*-k)/n=0.3333  [Johnson 0.5000, cap 0.7500]
+ for n in 8 12 16 20 24 28 32 36 40
+ k=4
+ echo '##### n=16 k=4 rho=1/4 #####'
##### n=16 k=4 rho=1/4 #####
+ timeout 5400 ./pg 16 4 500000000000
n=16 k=4 rho=0.2500 p=65537(~n^4) Johnson=0.5000 cap=0.7500 budget=16
  s=6 (s-k=2): maxI=89 at (10, 4)  bad
  s=7 (s-k=3): maxI=9 at (10, 4)  GOOD
  => s*=7, s*-k=3, delta*=0.5625, defect(s*-k)/n=0.1875  [Johnson 0.5000, cap 0.7500]
+ for n in 8 12 16 20 24 28 32 36 40
+ k=5
+ echo '##### n=20 k=5 rho=1/4 #####'
##### n=20 k=5 rho=1/4 #####
+ timeout 5400 ./pg 20 5 500000000000
n=20 k=5 rho=0.2500 p=160001(~n^4) Johnson=0.5000 cap=0.7500 budget=20
  s=7 (s-k=2): maxI=121 at (8, 6)  bad
  s=8 (s-k=3): maxI=121 at (8, 6)  bad
  s=9 (s-k=4): maxI=11 at (12, 8)  GOOD
  => s*=9, s*-k=4, delta*=0.5500, defect(s*-k)/n=0.2000  [Johnson 0.5000, cap 0.7500]
+ for n in 8 12 16 20 24 28 32 36 40
+ k=6
+ echo '##### n=24 k=6 rho=1/4 #####'
##### n=24 k=6 rho=1/4 #####
+ timeout 5400 ./pg 24 6 500000000000
n=24 k=6 rho=0.2500 p=331777(~n^4) Johnson=0.5000 cap=0.7500 budget=24
  s=8 (s-k=2): maxI=1153 at (15, 6)  bad
  s=9 (s-k=3): maxI=65 at (17, 8)  bad
  s=10 (s-k=4): maxI=25 at (13, 8)  bad
  s=11 (s-k=5): maxI=24 at (21, 8)  GOOD
  => s*=11, s*-k=5, delta*=0.5417, defect(s*-k)/n=0.2083  [Johnson 0.5000, cap 0.7500]
+ for n in 8 12 16 20 24 28 32 36 40
+ k=7
+ echo '##### n=28 k=7 rho=1/4 #####'
##### n=28 k=7 rho=1/4 #####
+ timeout 5400 ./pg 28 7 500000000000
n=28 k=7 rho=0.2500 p=614657(~n^4) Johnson=0.5000 cap=0.7500 budget=28
  s=9 (s-k=2): maxI=1219 at (14, 8)  bad
  s=10 (s-k=3): maxI=1219 at (14, 8)  bad
  s=11 (s-k=4): maxI=99 at (18, 8)  bad
  s=12 (s-k=5): maxI=99 at (18, 8)  bad
  s=13 (s-k=6): maxI=14 at (22, 12)  GOOD
  => s*=13, s*-k=6, delta*=0.5357, defect(s*-k)/n=0.2143  [Johnson 0.5000, cap 0.7500]
+ for n in 8 12 16 20 24 28 32 36 40
+ k=8
+ echo '##### n=32 k=8 rho=1/4 #####'
##### n=32 k=8 rho=1/4 #####
+ timeout 5400 ./pg 32 8 500000000000
n=32 k=8 rho=0.2500 p=1048609(~n^4) Johnson=0.5000 cap=0.7500 budget=32
  s=10 (s-k=2): maxI=4096 at (20, 8)  bad
  s=11 (s-k=3): maxI=89 at (20, 8)  bad
  s=12 (s-k=4): maxI=89 at (20, 8)  bad
  s=13 (s-k=5): maxI=9 at (20, 8)  GOOD
  => s*=13, s*-k=5, delta*=0.5938, defect(s*-k)/n=0.1562  [Johnson 0.5000, cap 0.7500]
+ for n in 8 12 16 20 24 28 32 36 40
+ k=9
+ echo '##### n=36 k=9 rho=1/4 #####'
##### n=36 k=9 rho=1/4 #####
+ timeout 5400 ./pg 36 9 500000000000
